<?xml version="1.0" encoding="UTF-8"?>
<!-- Generated by org.testng.reporters.JUnitReportReporter -->
<testsuite hostname="vivobook-asuslaptop-x512flc-x512fl" failures="0" tests="6" name="com.test.apollo3_Sanity.Testing" time="240.683" errors="0" timestamp="2024-02-21T13:17:51 IST" skipped="0">
  <testcase classname="com.test.apollo3_Sanity.Testing" name="login" time="10.392"/>
  <system-out/>
  <testcase classname="com.test.apollo3_Sanity.Testing" name="series_set" time="17.817"/>
  <system-out/>
  <testcase classname="com.test.apollo3_Sanity.Testing" name="HD" time="20.069"/>
  <system-out/>
  <testcase classname="com.test.apollo3_Sanity.Testing" name="Atlas_Editor" time="26.030"/>
  <system-out/>
  <testcase classname="com.test.apollo3_Sanity.Testing" name="Cell_annotation" time="139.300"/>
  <system-out/>
  <testcase classname="com.test.apollo3_Sanity.Testing" name="Manual_Registration" time="27.075"/>
  <system-out/>
</testsuite> <!-- com.test.apollo3_Sanity.Testing -->
