<?xml version="1.0" encoding="UTF-8"?>
<!-- Generated by org.testng.reporters.JUnitReportReporter -->
<testsuite hostname="vivobook-asuslaptop-x512flc-x512fl" failures="0" tests="6" name="com.test.apollo3_Sanity.Testing" time="112.965" errors="0" timestamp="2024-02-13T11:11:41 IST" skipped="0">
  <testcase classname="com.test.apollo3_Sanity.Testing" name="login" time="9.897"/>
  <system-out/>
  <testcase classname="com.test.apollo3_Sanity.Testing" name="series_set" time="14.009"/>
  <system-out/>
  <testcase classname="com.test.apollo3_Sanity.Testing" name="HD" time="21.119"/>
  <system-out/>
  <testcase classname="com.test.apollo3_Sanity.Testing" name="Atlas_Editor" time="15.628"/>
  <system-out/>
  <testcase classname="com.test.apollo3_Sanity.Testing" name="Cell_annotation" time="30.080"/>
  <system-out/>
  <testcase classname="com.test.apollo3_Sanity.Testing" name="Manual_Registration" time="22.232"/>
  <system-out/>
</testsuite> <!-- com.test.apollo3_Sanity.Testing -->
