<?xml version="1.0" encoding="UTF-8"?>
<!-- Generated by org.testng.reporters.JUnitReportReporter -->
<testsuite hostname="vivobook-asuslaptop-x512flc-x512fl" failures="0" tests="6" name="com.test.apollo3_Sanity.Testing" time="221.632" errors="0" timestamp="2024-02-26T09:33:09 IST" skipped="0">
  <testcase classname="com.test.apollo3_Sanity.Testing" name="login" time="8.316"/>
  <system-out/>
  <testcase classname="com.test.apollo3_Sanity.Testing" name="series_set" time="17.324"/>
  <system-out/>
  <testcase classname="com.test.apollo3_Sanity.Testing" name="HD" time="20.635"/>
  <system-out/>
  <testcase classname="com.test.apollo3_Sanity.Testing" name="Atlas_Editor" time="15.445"/>
  <system-out/>
  <testcase classname="com.test.apollo3_Sanity.Testing" name="Cell_annotation" time="138.328"/>
  <system-out/>
  <testcase classname="com.test.apollo3_Sanity.Testing" name="Manual_Registration" time="21.584"/>
  <system-out/>
</testsuite> <!-- com.test.apollo3_Sanity.Testing -->
