<?xml version="1.0" encoding="UTF-8"?>
<!-- Generated by org.testng.reporters.JUnitReportReporter -->
<testsuite hostname="vivobook-asuslaptop-x512flc-x512fl" failures="0" tests="6" name="com.test.apollo3_Sanity.Testing" time="118.131" errors="0" timestamp="2024-01-05T17:02:43 IST" skipped="0">
  <testcase classname="com.test.apollo3_Sanity.Testing" name="login" time="10.834"/>
  <system-out/>
  <testcase classname="com.test.apollo3_Sanity.Testing" name="series_set" time="15.094"/>
  <system-out/>
  <testcase classname="com.test.apollo3_Sanity.Testing" name="HD" time="21.214"/>
  <system-out/>
  <testcase classname="com.test.apollo3_Sanity.Testing" name="Atlas_Editor" time="19.756"/>
  <system-out/>
  <testcase classname="com.test.apollo3_Sanity.Testing" name="Cell_annotation" time="29.620"/>
  <system-out/>
  <testcase classname="com.test.apollo3_Sanity.Testing" name="Manual_Registration" time="21.613"/>
  <system-out/>
</testsuite> <!-- com.test.apollo3_Sanity.Testing -->
